0 info it worked if it ends with ok
1 verbose cli [ '/Users/Juan/.nvm/versions/node/v6.0.0/bin/node',
1 verbose cli   '/Users/Juan/.nvm/versions/node/v6.0.0/bin/npm',
1 verbose cli   'start',
1 verbose cli   'express/hackerNewsAjax/app.js' ]
2 info using npm@3.10.5
3 info using node@v6.0.0
4 verbose stack Error: ENOENT: no such file or directory, open '/Users/Juan/Documents/make-it-real/Front-End-Presencial/Curriculum/package.json'
4 verbose stack     at Error (native)
5 verbose cwd /Users/Juan/Documents/make-it-real/Front-End-Presencial/Curriculum
6 error Darwin 15.4.0
7 error argv "/Users/Juan/.nvm/versions/node/v6.0.0/bin/node" "/Users/Juan/.nvm/versions/node/v6.0.0/bin/npm" "start" "express/hackerNewsAjax/app.js"
8 error node v6.0.0
9 error npm  v3.10.5
10 error path /Users/Juan/Documents/make-it-real/Front-End-Presencial/Curriculum/package.json
11 error code ENOENT
12 error errno -2
13 error syscall open
14 error enoent ENOENT: no such file or directory, open '/Users/Juan/Documents/make-it-real/Front-End-Presencial/Curriculum/package.json'
15 error enoent ENOENT: no such file or directory, open '/Users/Juan/Documents/make-it-real/Front-End-Presencial/Curriculum/package.json'
15 error enoent This is most likely not a problem with npm itself
15 error enoent and is related to npm not being able to find a file.
16 verbose exit [ -2, true ]
